[INFO] Scanning for projects...
Downloading from central: https://repo.maven.apache.org/maven2/org/springframework/boot/maven-metadata.xml
Downloading from central: https://repo.maven.apache.org/maven2/org/flywaydb/maven-metadata.xml
Downloading from central: https://repo.maven.apache.org/maven2/io/github/git-commit-id/maven-metadata.xml
Downloading from central: https://repo.maven.apache.org/maven2/org/cyclonedx/maven-metadata.xml
Progress (1): 234 BProgress (2): 234 B | 249 BProgress (3): 234 B | 249 B | 255 BProgress (4): 234 B | 249 B | 255 B | 243 B                                           Downloaded from central: https://repo.maven.apache.org/maven2/org/springframework/boot/maven-metadata.xml (249 B at 259 B/s)
Downloading from central: https://repo.maven.apache.org/maven2/org/jooq/maven-metadata.xml
Downloaded from central: https://repo.maven.apache.org/maven2/io/github/git-commit-id/maven-metadata.xml (255 B at 264 B/s)
Downloading from central: https://repo.maven.apache.org/maven2/org/jetbrains/kotlin/maven-metadata.xml
Downloaded from central: https://repo.maven.apache.org/maven2/org/flywaydb/maven-metadata.xml (234 B at 240 B/s)
Downloading from central: https://repo.maven.apache.org/maven2/org/liquibase/maven-metadata.xml
Downloaded from central: https://repo.maven.apache.org/maven2/org/cyclonedx/maven-metadata.xml (243 B at 249 B/s)
Downloading from central: https://repo.maven.apache.org/maven2/org/graalvm/buildtools/maven-metadata.xml
Progress (1): 398 BProgress (2): 398 B | 375 BProgress (3): 398 B | 375 B | 242 BProgress (4): 398 B | 375 B | 242 B | 394 B                                           Downloaded from central: https://repo.maven.apache.org/maven2/org/jooq/maven-metadata.xml (398 B at 7.4 kB/s)
Downloading from central: https://repo.maven.apache.org/maven2/org/apache/maven/plugins/maven-metadata.xml
Downloaded from central: https://repo.maven.apache.org/maven2/org/jetbrains/kotlin/maven-metadata.xml (375 B at 6.2 kB/s)
Downloading from central: https://repo.maven.apache.org/maven2/org/codehaus/mojo/maven-metadata.xml
Downloaded from central: https://repo.maven.apache.org/maven2/org/graalvm/buildtools/maven-metadata.xml (242 B at 4.4 kB/s)
Downloaded from central: https://repo.maven.apache.org/maven2/org/liquibase/maven-metadata.xml (394 B at 5.9 kB/s)
Progress (1): 4.6 kBProgress (1): 9.7 kBProgress (1): 14 kB Progress (2): 14 kB | 3.1 kBProgress (2): 14 kB | 7.7 kBProgress (2): 14 kB | 12 kB Progress (2): 14 kB | 17 kBProgress (2): 14 kB | 20 kBProgress (2): 14 kB | 21 kB                           Downloaded from central: https://repo.maven.apache.org/maven2/org/apache/maven/plugins/maven-metadata.xml (14 kB at 238 kB/s)
Downloaded from central: https://repo.maven.apache.org/maven2/org/codehaus/mojo/maven-metadata.xml (21 kB at 210 kB/s)
[INFO] 
[INFO] ------------------< global-pass:global-pass-backend >-------------------
[INFO] Building global-pass-backend 0.0.1-SNAPSHOT
[INFO]   from pom.xml
[INFO] --------------------------------[ jar ]---------------------------------
[INFO] 
[INFO] >>> spring-boot:4.0.4:run (default-cli) > test-compile @ global-pass-backend >>>
[INFO] 
[INFO] --- resources:3.3.1:resources (default-resources) @ global-pass-backend ---
[INFO] Copying 1 resource from src\main\resources to target\classes
[INFO] Copying 4 resources from src\main\resources to target\classes
[INFO] 
[INFO] --- compiler:3.14.1:compile (default-compile) @ global-pass-backend ---
[INFO] Nothing to compile - all classes are up to date.
[INFO] 
[INFO] --- resources:3.3.1:testResources (default-testResources) @ global-pass-backend ---
[INFO] Copying 1 resource from src\test\resources to target\test-classes
[INFO] 
[INFO] --- compiler:3.14.1:testCompile (default-testCompile) @ global-pass-backend ---
[INFO] Recompiling the module because of changed source code.
[INFO] Compiling 11 source files with javac [debug parameters release 21] to target\test-classes
[INFO] 
[INFO] <<< spring-boot:4.0.4:run (default-cli) < test-compile @ global-pass-backend <<<
[INFO] 
[INFO] 
[INFO] --- spring-boot:4.0.4:run (default-cli) @ global-pass-backend ---
[INFO] Attaching agents: []

  .   ____          _            __ _ _
 /\\ / ___'_ __ _ _(_)_ __  __ _ \ \ \ \
( ( )\___ | '_ | '_| | '_ \/ _` | \ \ \ \
 \\/  ___)| |_)| | | | | || (_| |  ) ) ) )
  '  |____| .__|_| |_|_| |_\__, | / / / /
 =========|_|==============|___/=/_/_/_/

 :: Spring Boot ::                (v4.0.4)

2026-04-23T00:06:36.748+02:00  INFO 2780 --- [global-pass] [  restartedMain] global_pass.GlobalPassApplication        : Starting GlobalPassApplication using Java 25.0.2 with PID 2780 (c:\Users\ewolgeb\OneDrive - Ericsson\Desktop\ericsson\4.back-end-front-end\springboot-globalpass\Global-Pass-back-end\target\classes started by ewolgeb in c:\Users\ewolgeb\OneDrive - Ericsson\Desktop\ericsson\4.back-end-front-end\springboot-globalpass\Global-Pass-back-end)
2026-04-23T00:06:36.756+02:00  INFO 2780 --- [global-pass] [  restartedMain] global_pass.GlobalPassApplication        : No active profile set, falling back to 1 default profile: "default"
2026-04-23T00:06:36.827+02:00  INFO 2780 --- [global-pass] [  restartedMain] .e.DevToolsPropertyDefaultsPostProcessor : Devtools property defaults active! Set 'spring.devtools.add-properties' to 'false' to disable
2026-04-23T00:06:36.832+02:00  INFO 2780 --- [global-pass] [  restartedMain] .e.DevToolsPropertyDefaultsPostProcessor : For additional web related logging consider setting the 'logging.level.web' property to 'DEBUG'
2026-04-23T00:06:39.471+02:00  INFO 2780 --- [global-pass] [  restartedMain] .s.d.r.c.RepositoryConfigurationDelegate : Bootstrapping Spring Data JPA repositories in DEFAULT mode.
2026-04-23T00:06:39.914+02:00  INFO 2780 --- [global-pass] [  restartedMain] .s.d.r.c.RepositoryConfigurationDelegate : Finished Spring Data repository scanning in 430 ms. Found 3 JPA repository interfaces.
2026-04-23T00:06:41.135+02:00  INFO 2780 --- [global-pass] [  restartedMain] o.s.boot.tomcat.TomcatWebServer          : Tomcat initialized with port 8080 (http)
2026-04-23T00:06:41.158+02:00  INFO 2780 --- [global-pass] [  restartedMain] o.apache.catalina.core.StandardService   : Starting service [Tomcat]
2026-04-23T00:06:41.160+02:00  INFO 2780 --- [global-pass] [  restartedMain] o.apache.catalina.core.StandardEngine    : Starting Servlet engine: [Apache Tomcat/11.0.18]
2026-04-23T00:06:41.251+02:00  INFO 2780 --- [global-pass] [  restartedMain] b.w.c.s.WebApplicationContextInitializer : Root WebApplicationContext: initialization completed in 4411 ms
2026-04-23T00:06:41.553+02:00  INFO 2780 --- [global-pass] [  restartedMain] org.hibernate.orm.jpa                    : HHH008540: Processing PersistenceUnitInfo [name: default]
2026-04-23T00:06:41.600+02:00  INFO 2780 --- [global-pass] [  restartedMain] org.hibernate.orm.core                   : HHH000001: Hibernate ORM core version 7.2.7.Final
2026-04-23T00:06:42.104+02:00  INFO 2780 --- [global-pass] [  restartedMain] o.s.o.j.p.SpringPersistenceUnitInfo      : No LoadTimeWeaver setup: ignoring JPA class transformer
2026-04-23T00:06:42.133+02:00  INFO 2780 --- [global-pass] [  restartedMain] com.zaxxer.hikari.HikariDataSource       : HikariPool-1 - Starting...
2026-04-23T00:06:42.284+02:00  INFO 2780 --- [global-pass] [  restartedMain] com.zaxxer.hikari.pool.HikariPool        : HikariPool-1 - Added connection conn0: url=jdbc:h2:mem:GlobalPassDB user=ROOT
2026-04-23T00:06:42.286+02:00  INFO 2780 --- [global-pass] [  restartedMain] com.zaxxer.hikari.HikariDataSource       : HikariPool-1 - Start completed.
2026-04-23T00:06:42.306+02:00  WARN 2780 --- [global-pass] [  restartedMain] org.hibernate.orm.deprecation            : HHH90000025: H2Dialect does not need to be specified explicitly using 'hibernate.dialect' (remove the property setting and it will be selected by default)
2026-04-23T00:06:42.326+02:00  INFO 2780 --- [global-pass] [  restartedMain] org.hibernate.orm.connections.pooling    : HHH10001005: Database info:
	Database JDBC URL [jdbc:h2:mem:GlobalPassDB]
	Database driver: H2 JDBC Driver
	Database dialect: H2Dialect
	Database version: 2.4.240
	Default catalog/schema: GLOBALPASSDB/PUBLIC
	Autocommit mode: undefined/unknown
	Isolation level: READ_COMMITTED [default READ_COMMITTED]
	JDBC fetch size: 100
	Pool: DataSourceConnectionProvider
	Minimum pool size: undefined/unknown
	Maximum pool size: undefined/unknown
2026-04-23T00:06:43.140+02:00  INFO 2780 --- [global-pass] [  restartedMain] org.hibernate.orm.core                   : HHH000489: No JTA platform available (set 'hibernate.transaction.jta.platform' to enable JTA platform integration)
2026-04-23T00:06:43.185+02:00  INFO 2780 --- [global-pass] [  restartedMain] j.LocalContainerEntityManagerFactoryBean : Initialized JPA EntityManagerFactory for persistence unit 'default'
2026-04-23T00:06:43.250+02:00  INFO 2780 --- [global-pass] [  restartedMain] o.s.d.j.r.query.QueryEnhancerFactories   : Hibernate is in classpath; If applicable, HQL parser will be used.
2026-04-23T00:06:43.394+02:00  INFO 2780 --- [global-pass] [  restartedMain] g.payments.LocalFileStorageService       : Upload directory ready: c:\Users\ewolgeb\OneDrive - Ericsson\Desktop\ericsson\4.back-end-front-end\springboot-globalpass\Global-Pass-back-end\uploads
2026-04-23T00:06:43.501+02:00  WARN 2780 --- [global-pass] [  restartedMain] JpaBaseConfiguration$JpaWebConfiguration : spring.jpa.open-in-view is enabled by default. Therefore, database queries may be performed during view rendering. Explicitly configure spring.jpa.open-in-view to disable this warning
2026-04-23T00:06:43.568+02:00  WARN 2780 --- [global-pass] [  restartedMain] .s.a.UserDetailsServiceAutoConfiguration : 

Using generated security password: 61e09219-5b0d-4318-a88f-f7e60db24bb8

This generated password is for development use only. Your security configuration must be updated before running your application in production.

2026-04-23T00:06:43.578+02:00  INFO 2780 --- [global-pass] [  restartedMain] r$InitializeUserDetailsManagerConfigurer : Global AuthenticationManager configured with UserDetailsService bean with name inMemoryUserDetailsManager
2026-04-23T00:06:44.085+02:00  INFO 2780 --- [global-pass] [  restartedMain] o.s.b.a.e.web.EndpointLinksResolver      : Exposing 1 endpoint beneath base path '/actuator'
2026-04-23T00:06:44.182+02:00  INFO 2780 --- [global-pass] [  restartedMain] o.s.boot.tomcat.TomcatWebServer          : Tomcat started on port 8080 (http) with context path '/'
2026-04-23T00:06:44.195+02:00  INFO 2780 --- [global-pass] [  restartedMain] global_pass.GlobalPassApplication        : Started GlobalPassApplication in 8.442 seconds (process running for 9.923)
2026-04-23T00:07:59.653+02:00  INFO 2780 --- [global-pass] [   File Watcher] rtingClassPathChangeChangedEventListener : Restarting due to 24 class path changes (0 additions, 24 deletions, 0 modifications)
2026-04-23T00:07:59.673+02:00  INFO 2780 --- [global-pass] [       Thread-1] o.s.boot.tomcat.GracefulShutdown         : Commencing graceful shutdown. Waiting for active requests to complete
2026-04-23T00:07:59.721+02:00  INFO 2780 --- [global-pass] [tomcat-shutdown] o.s.boot.tomcat.GracefulShutdown         : Graceful shutdown complete
2026-04-23T00:07:59.732+02:00  INFO 2780 --- [global-pass] [       Thread-1] j.LocalContainerEntityManagerFactoryBean : Closing JPA EntityManagerFactory for persistence unit 'default'
2026-04-23T00:07:59.749+02:00  WARN 2780 --- [global-pass] [       Thread-1] o.s.b.f.support.DisposableBeanAdapter    : Invocation of destroy method failed on bean with name 'inMemoryDatabaseShutdownExecutor': org.h2.jdbc.JdbcSQLNonTransientConnectionException: Database is already closed (to disable automatic closing at VM shutdown, add ";DB_CLOSE_ON_EXIT=FALSE" to the db URL) [90121-240]
2026-04-23T00:07:59.750+02:00  INFO 2780 --- [global-pass] [       Thread-1] com.zaxxer.hikari.HikariDataSource       : HikariPool-1 - Shutdown initiated...
2026-04-23T00:07:59.764+02:00  INFO 2780 --- [global-pass] [       Thread-1] com.zaxxer.hikari.HikariDataSource       : HikariPool-1 - Shutdown completed.

  .   ____          _            __ _ _
 /\\ / ___'_ __ _ _(_)_ __  __ _ \ \ \ \
( ( )\___ | '_ | '_| | '_ \/ _` | \ \ \ \
 \\/  ___)| |_)| | | | | || (_| |  ) ) ) )
  '  |____| .__|_| |_|_| |_\__, | / / / /
 =========|_|==============|___/=/_/_/_/

 :: Spring Boot ::                (v4.0.4)

2026-04-23T00:07:59.959+02:00  INFO 2780 --- [global-pass] [  restartedMain] global_pass.GlobalPassApplication        : Starting GlobalPassApplication using Java 25.0.2 with PID 2780 (C:\Users\ewolgeb\OneDrive - Ericsson\Desktop\ericsson\4.back-end-front-end\springboot-globalpass\Global-Pass-back-end\target\classes started by ewolgeb in c:\Users\ewolgeb\OneDrive - Ericsson\Desktop\ericsson\4.back-end-front-end\springboot-globalpass\Global-Pass-back-end)
2026-04-23T00:07:59.961+02:00  INFO 2780 --- [global-pass] [  restartedMain] global_pass.GlobalPassApplication        : No active profile set, falling back to 1 default profile: "default"
2026-04-23T00:08:01.869+02:00  INFO 2780 --- [global-pass] [  restartedMain] .s.d.r.c.RepositoryConfigurationDelegate : Bootstrapping Spring Data JPA repositories in DEFAULT mode.
2026-04-23T00:08:01.912+02:00  INFO 2780 --- [global-pass] [  restartedMain] .s.d.r.c.RepositoryConfigurationDelegate : Finished Spring Data repository scanning in 39 ms. Found 1 JPA repository interface.
2026-04-23T00:08:02.284+02:00  INFO 2780 --- [global-pass] [  restartedMain] o.s.boot.tomcat.TomcatWebServer          : Tomcat initialized with port 8080 (http)
2026-04-23T00:08:02.286+02:00  INFO 2780 --- [global-pass] [  restartedMain] o.apache.catalina.core.StandardService   : Starting service [Tomcat]
2026-04-23T00:08:02.286+02:00  INFO 2780 --- [global-pass] [  restartedMain] o.apache.catalina.core.StandardEngine    : Starting Servlet engine: [Apache Tomcat/11.0.18]
2026-04-23T00:08:02.396+02:00  INFO 2780 --- [global-pass] [  restartedMain] b.w.c.s.WebApplicationContextInitializer : Root WebApplicationContext: initialization completed in 2423 ms
2026-04-23T00:08:02.698+02:00  INFO 2780 --- [global-pass] [  restartedMain] org.hibernate.orm.jpa                    : HHH008540: Processing PersistenceUnitInfo [name: default]
2026-04-23T00:08:02.772+02:00  INFO 2780 --- [global-pass] [  restartedMain] o.s.o.j.p.SpringPersistenceUnitInfo      : No LoadTimeWeaver setup: ignoring JPA class transformer
2026-04-23T00:08:02.774+02:00  INFO 2780 --- [global-pass] [  restartedMain] com.zaxxer.hikari.HikariDataSource       : HikariPool-2 - Starting...
2026-04-23T00:08:02.780+02:00  INFO 2780 --- [global-pass] [  restartedMain] com.zaxxer.hikari.pool.HikariPool        : HikariPool-2 - Added connection conn10: url=jdbc:h2:mem:GlobalPassDB user=ROOT
2026-04-23T00:08:02.781+02:00  INFO 2780 --- [global-pass] [  restartedMain] com.zaxxer.hikari.HikariDataSource       : HikariPool-2 - Start completed.
2026-04-23T00:08:02.782+02:00  WARN 2780 --- [global-pass] [  restartedMain] org.hibernate.orm.deprecation            : HHH90000025: H2Dialect does not need to be specified explicitly using 'hibernate.dialect' (remove the property setting and it will be selected by default)
2026-04-23T00:08:02.782+02:00  INFO 2780 --- [global-pass] [  restartedMain] org.hibernate.orm.connections.pooling    : HHH10001005: Database info:
	Database JDBC URL [jdbc:h2:mem:GlobalPassDB]
	Database driver: H2 JDBC Driver
	Database dialect: H2Dialect
	Database version: 2.4.240
	Default catalog/schema: GLOBALPASSDB/PUBLIC
	Autocommit mode: undefined/unknown
	Isolation level: READ_COMMITTED [default READ_COMMITTED]
	JDBC fetch size: 100
	Pool: DataSourceConnectionProvider
	Minimum pool size: undefined/unknown
	Maximum pool size: undefined/unknown
2026-04-23T00:08:02.839+02:00  INFO 2780 --- [global-pass] [  restartedMain] org.hibernate.orm.core                   : HHH000489: No JTA platform available (set 'hibernate.transaction.jta.platform' to enable JTA platform integration)
2026-04-23T00:08:02.842+02:00  INFO 2780 --- [global-pass] [  restartedMain] j.LocalContainerEntityManagerFactoryBean : Initialized JPA EntityManagerFactory for persistence unit 'default'
2026-04-23T00:08:02.902+02:00  WARN 2780 --- [global-pass] [  restartedMain] ConfigServletWebServerApplicationContext : Exception encountered during context initialization - cancelling refresh attempt: org.springframework.beans.factory.BeanCreationException: Error creating bean with name 'globalExceptionHandler': Lookup method resolution failed
2026-04-23T00:08:02.906+02:00  INFO 2780 --- [global-pass] [  restartedMain] j.LocalContainerEntityManagerFactoryBean : Closing JPA EntityManagerFactory for persistence unit 'default'
2026-04-23T00:08:02.909+02:00  WARN 2780 --- [global-pass] [  restartedMain] o.s.b.f.support.DisposableBeanAdapter    : Invocation of destroy method failed on bean with name 'inMemoryDatabaseShutdownExecutor': org.h2.jdbc.JdbcSQLNonTransientConnectionException: Database is already closed (to disable automatic closing at VM shutdown, add ";DB_CLOSE_ON_EXIT=FALSE" to the db URL) [90121-240]
2026-04-23T00:08:02.910+02:00  INFO 2780 --- [global-pass] [  restartedMain] com.zaxxer.hikari.HikariDataSource       : HikariPool-2 - Shutdown initiated...
2026-04-23T00:08:02.939+02:00  INFO 2780 --- [global-pass] [  restartedMain] com.zaxxer.hikari.HikariDataSource       : HikariPool-2 - Shutdown completed.
2026-04-23T00:08:02.941+02:00  INFO 2780 --- [global-pass] [  restartedMain] o.apache.catalina.core.StandardService   : Stopping service [Tomcat]
2026-04-23T00:08:02.950+02:00  INFO 2780 --- [global-pass] [  restartedMain] .s.b.a.l.ConditionEvaluationReportLogger : 

Error starting ApplicationContext. To display the condition evaluation report re-run your application with 'debug' enabled.
2026-04-23T00:08:02.993+02:00 ERROR 2780 --- [global-pass] [  restartedMain] o.s.boot.SpringApplication               : Application run failed

org.springframework.beans.factory.BeanCreationException: Error creating bean with name 'globalExceptionHandler': Lookup method resolution failed
	at org.springframework.beans.factory.annotation.AutowiredAnnotationBeanPostProcessor.checkLookupMethods(AutowiredAnnotationBeanPostProcessor.java:482) ~[spring-beans-7.0.6.jar:7.0.6]
	at org.springframework.beans.factory.annotation.AutowiredAnnotationBeanPostProcessor.determineCandidateConstructors(AutowiredAnnotationBeanPostProcessor.java:352) ~[spring-beans-7.0.6.jar:7.0.6]
	at org.springframework.beans.factory.support.AbstractAutowireCapableBeanFactory.determineConstructorsFromBeanPostProcessors(AbstractAutowireCapableBeanFactory.java:1321) ~[spring-beans-7.0.6.jar:7.0.6]
	at org.springframework.beans.factory.support.AbstractAutowireCapableBeanFactory.createBeanInstance(AbstractAutowireCapableBeanFactory.java:1218) ~[spring-beans-7.0.6.jar:7.0.6]
	at org.springframework.beans.factory.support.AbstractAutowireCapableBeanFactory.doCreateBean(AbstractAutowireCapableBeanFactory.java:565) ~[spring-beans-7.0.6.jar:7.0.6]
	at org.springframework.beans.factory.support.AbstractAutowireCapableBeanFactory.createBean(AbstractAutowireCapableBeanFactory.java:525) ~[spring-beans-7.0.6.jar:7.0.6]
	at org.springframework.beans.factory.support.AbstractBeanFactory.lambda$doGetBean$0(AbstractBeanFactory.java:333) ~[spring-beans-7.0.6.jar:7.0.6]
	at org.springframework.beans.factory.support.DefaultSingletonBeanRegistry.getSingleton(DefaultSingletonBeanRegistry.java:371) ~[spring-beans-7.0.6.jar:7.0.6]
	at org.springframework.beans.factory.support.AbstractBeanFactory.doGetBean(AbstractBeanFactory.java:331) ~[spring-beans-7.0.6.jar:7.0.6]
	at org.springframework.beans.factory.support.AbstractBeanFactory.getBean(AbstractBeanFactory.java:196) ~[spring-beans-7.0.6.jar:7.0.6]
	at org.springframework.beans.factory.support.DefaultListableBeanFactory.instantiateSingleton(DefaultListableBeanFactory.java:1218) ~[spring-beans-7.0.6.jar:7.0.6]
	at org.springframework.beans.factory.support.DefaultListableBeanFactory.preInstantiateSingleton(DefaultListableBeanFactory.java:1184) ~[spring-beans-7.0.6.jar:7.0.6]
	at org.springframework.beans.factory.support.DefaultListableBeanFactory.preInstantiateSingletons(DefaultListableBeanFactory.java:1121) ~[spring-beans-7.0.6.jar:7.0.6]
	at org.springframework.context.support.AbstractApplicationContext.finishBeanFactoryInitialization(AbstractApplicationContext.java:994) ~[spring-context-7.0.6.jar:7.0.6]
	at org.springframework.context.support.AbstractApplicationContext.refresh(AbstractApplicationContext.java:621) ~[spring-context-7.0.6.jar:7.0.6]
	at org.springframework.boot.web.server.servlet.context.ServletWebServerApplicationContext.refresh(ServletWebServerApplicationContext.java:143) ~[spring-boot-web-server-4.0.4.jar:4.0.4]
	at org.springframework.boot.SpringApplication.refresh(SpringApplication.java:756) ~[spring-boot-4.0.4.jar:4.0.4]
	at org.springframework.boot.SpringApplication.refreshContext(SpringApplication.java:445) ~[spring-boot-4.0.4.jar:4.0.4]
	at org.springframework.boot.SpringApplication.run(SpringApplication.java:321) ~[spring-boot-4.0.4.jar:4.0.4]
	at org.springframework.boot.SpringApplication.run(SpringApplication.java:1365) ~[spring-boot-4.0.4.jar:4.0.4]
	at org.springframework.boot.SpringApplication.run(SpringApplication.java:1354) ~[spring-boot-4.0.4.jar:4.0.4]
	at global_pass.GlobalPassApplication.main(GlobalPassApplication.java:10) ~[classes/:na]
	at java.base/jdk.internal.reflect.DirectMethodHandleAccessor.invoke(DirectMethodHandleAccessor.java:104) ~[na:na]
	at java.base/java.lang.reflect.Method.invoke(Method.java:565) ~[na:na]
	at org.springframework.boot.devtools.restart.RestartLauncher.run(RestartLauncher.java:52) ~[spring-boot-devtools-4.0.4.jar:4.0.4]
Caused by: java.lang.IllegalStateException: Failed to introspect Class [global_pass.exception.globalException.GlobalExceptionHandler] from ClassLoader [org.springframework.boot.devtools.restart.classloader.RestartClassLoader@45034335]
	at org.springframework.util.ReflectionUtils.getDeclaredMethods(ReflectionUtils.java:483) ~[spring-core-7.0.6.jar:7.0.6]
	at org.springframework.util.ReflectionUtils.doWithLocalMethods(ReflectionUtils.java:320) ~[spring-core-7.0.6.jar:7.0.6]
	at org.springframework.beans.factory.annotation.AutowiredAnnotationBeanPostProcessor.checkLookupMethods(AutowiredAnnotationBeanPostProcessor.java:460) ~[spring-beans-7.0.6.jar:7.0.6]
	... 24 common frames omitted
Caused by: java.lang.NoClassDefFoundError: global_pass/exception/customUserException/UserNotFoundException
	at java.base/java.lang.Class.getDeclaredMethods0(Native Method) ~[na:na]
	at java.base/java.lang.Class.privateGetDeclaredMethods(Class.java:3010) ~[na:na]
	at java.base/java.lang.Class.getDeclaredMethods(Class.java:2329) ~[na:na]
	at org.springframework.util.ReflectionUtils.getDeclaredMethods(ReflectionUtils.java:465) ~[spring-core-7.0.6.jar:7.0.6]
	... 26 common frames omitted
Caused by: java.lang.ClassNotFoundException: global_pass.exception.customUserException.UserNotFoundException
	at java.base/jdk.internal.loader.BuiltinClassLoader.loadClass(BuiltinClassLoader.java:580) ~[na:na]
	at java.base/java.lang.ClassLoader.loadClass(ClassLoader.java:490) ~[na:na]
	at java.base/java.lang.Class.forName0(Native Method) ~[na:na]
	at java.base/java.lang.Class.forName(Class.java:547) ~[na:na]
	at org.springframework.boot.devtools.restart.classloader.RestartClassLoader.loadClass(RestartClassLoader.java:123) ~[spring-boot-devtools-4.0.4.jar:4.0.4]
	at java.base/java.lang.ClassLoader.loadClass(ClassLoader.java:490) ~[na:na]
	... 30 common frames omitted


  .   ____          _            __ _ _
 /\\ / ___'_ __ _ _(_)_ __  __ _ \ \ \ \
( ( )\___ | '_ | '_| | '_ \/ _` | \ \ \ \
 \\/  ___)| |_)| | | | | || (_| |  ) ) ) )
  '  |____| .__|_| |_|_| |_\__, | / / / /
 =========|_|==============|___/=/_/_/_/

 :: Spring Boot ::                (v4.0.4)

2026-04-23T00:08:04.784+02:00  INFO 2780 --- [global-pass] [  restartedMain] global_pass.GlobalPassApplication        : Starting GlobalPassApplication using Java 25.0.2 with PID 2780 (c:\Users\ewolgeb\OneDrive - Ericsson\Desktop\ericsson\4.back-end-front-end\springboot-globalpass\Global-Pass-back-end\target\classes started by ewolgeb in c:\Users\ewolgeb\OneDrive - Ericsson\Desktop\ericsson\4.back-end-front-end\springboot-globalpass\Global-Pass-back-end)
2026-04-23T00:08:04.785+02:00  INFO 2780 --- [global-pass] [  restartedMain] global_pass.GlobalPassApplication        : No active profile set, falling back to 1 default profile: "default"
2026-04-23T00:08:05.655+02:00  INFO 2780 --- [global-pass] [  restartedMain] .s.d.r.c.RepositoryConfigurationDelegate : Bootstrapping Spring Data JPA repositories in DEFAULT mode.
2026-04-23T00:08:05.694+02:00  INFO 2780 --- [global-pass] [  restartedMain] .s.d.r.c.RepositoryConfigurationDelegate : Finished Spring Data repository scanning in 37 ms. Found 3 JPA repository interfaces.
2026-04-23T00:08:05.901+02:00  INFO 2780 --- [global-pass] [  restartedMain] o.s.boot.tomcat.TomcatWebServer          : Tomcat initialized with port 8080 (http)
2026-04-23T00:08:05.903+02:00  INFO 2780 --- [global-pass] [  restartedMain] o.apache.catalina.core.StandardService   : Starting service [Tomcat]
2026-04-23T00:08:05.903+02:00  INFO 2780 --- [global-pass] [  restartedMain] o.apache.catalina.core.StandardEngine    : Starting Servlet engine: [Apache Tomcat/11.0.18]
2026-04-23T00:08:05.959+02:00  INFO 2780 --- [global-pass] [  restartedMain] b.w.c.s.WebApplicationContextInitializer : Root WebApplicationContext: initialization completed in 1161 ms
2026-04-23T00:08:06.064+02:00  INFO 2780 --- [global-pass] [  restartedMain] org.hibernate.orm.jpa                    : HHH008540: Processing PersistenceUnitInfo [name: default]
2026-04-23T00:08:06.110+02:00  INFO 2780 --- [global-pass] [  restartedMain] o.s.o.j.p.SpringPersistenceUnitInfo      : No LoadTimeWeaver setup: ignoring JPA class transformer
2026-04-23T00:08:06.112+02:00  INFO 2780 --- [global-pass] [  restartedMain] com.zaxxer.hikari.HikariDataSource       : HikariPool-3 - Starting...
2026-04-23T00:08:06.116+02:00  INFO 2780 --- [global-pass] [  restartedMain] com.zaxxer.hikari.pool.HikariPool        : HikariPool-3 - Added connection conn12: url=jdbc:h2:mem:GlobalPassDB user=ROOT
2026-04-23T00:08:06.116+02:00  INFO 2780 --- [global-pass] [  restartedMain] com.zaxxer.hikari.HikariDataSource       : HikariPool-3 - Start completed.
2026-04-23T00:08:06.117+02:00  WARN 2780 --- [global-pass] [  restartedMain] org.hibernate.orm.deprecation            : HHH90000025: H2Dialect does not need to be specified explicitly using 'hibernate.dialect' (remove the property setting and it will be selected by default)
2026-04-23T00:08:06.118+02:00  INFO 2780 --- [global-pass] [  restartedMain] org.hibernate.orm.connections.pooling    : HHH10001005: Database info:
	Database JDBC URL [jdbc:h2:mem:GlobalPassDB]
	Database driver: H2 JDBC Driver
	Database dialect: H2Dialect
	Database version: 2.4.240
	Default catalog/schema: GLOBALPASSDB/PUBLIC
	Autocommit mode: undefined/unknown
	Isolation level: READ_COMMITTED [default READ_COMMITTED]
	JDBC fetch size: 100
	Pool: DataSourceConnectionProvider
	Minimum pool size: undefined/unknown
	Maximum pool size: undefined/unknown
2026-04-23T00:08:06.257+02:00  INFO 2780 --- [global-pass] [  restartedMain] org.hibernate.orm.core                   : HHH000489: No JTA platform available (set 'hibernate.transaction.jta.platform' to enable JTA platform integration)
2026-04-23T00:08:06.266+02:00  INFO 2780 --- [global-pass] [  restartedMain] j.LocalContainerEntityManagerFactoryBean : Initialized JPA EntityManagerFactory for persistence unit 'default'
2026-04-23T00:08:06.377+02:00  INFO 2780 --- [global-pass] [  restartedMain] g.payments.LocalFileStorageService       : Upload directory ready: c:\Users\ewolgeb\OneDrive - Ericsson\Desktop\ericsson\4.back-end-front-end\springboot-globalpass\Global-Pass-back-end\uploads
2026-04-23T00:08:06.489+02:00  WARN 2780 --- [global-pass] [  restartedMain] JpaBaseConfiguration$JpaWebConfiguration : spring.jpa.open-in-view is enabled by default. Therefore, database queries may be performed during view rendering. Explicitly configure spring.jpa.open-in-view to disable this warning
2026-04-23T00:08:06.563+02:00  WARN 2780 --- [global-pass] [  restartedMain] .s.a.UserDetailsServiceAutoConfiguration : 

Using generated security password: 1a545f73-0746-4762-b8a4-466e3b3df9e3

This generated password is for development use only. Your security configuration must be updated before running your application in production.

2026-04-23T00:08:06.570+02:00  INFO 2780 --- [global-pass] [  restartedMain] r$InitializeUserDetailsManagerConfigurer : Global AuthenticationManager configured with UserDetailsService bean with name inMemoryUserDetailsManager
2026-04-23T00:08:07.232+02:00  INFO 2780 --- [global-pass] [  restartedMain] o.s.b.a.e.web.EndpointLinksResolver      : Exposing 1 endpoint beneath base path '/actuator'
2026-04-23T00:08:07.356+02:00  INFO 2780 --- [global-pass] [  restartedMain] o.s.boot.tomcat.TomcatWebServer          : Tomcat started on port 8080 (http) with context path '/'
2026-04-23T00:08:07.362+02:00  INFO 2780 --- [global-pass] [  restartedMain] global_pass.GlobalPassApplication        : Started GlobalPassApplication in 2.761 seconds (process running for 93.092)
2026-04-23T00:08:07.369+02:00  INFO 2780 --- [global-pass] [  restartedMain] .ConditionEvaluationDeltaLoggingListener : Condition evaluation unchanged
2026-04-23T00:08:09.899+02:00  INFO 2780 --- [global-pass] [   File Watcher] rtingClassPathChangeChangedEventListener : Restarting due to 45 class path changes (0 additions, 0 deletions, 45 modifications)
2026-04-23T00:08:09.908+02:00  INFO 2780 --- [global-pass] [       Thread-5] o.s.boot.tomcat.GracefulShutdown         : Commencing graceful shutdown. Waiting for active requests to complete
2026-04-23T00:08:09.917+02:00  INFO 2780 --- [global-pass] [tomcat-shutdown] o.s.boot.tomcat.GracefulShutdown         : Graceful shutdown complete
2026-04-23T00:08:09.923+02:00  INFO 2780 --- [global-pass] [       Thread-5] j.LocalContainerEntityManagerFactoryBean : Closing JPA EntityManagerFactory for persistence unit 'default'
2026-04-23T00:08:09.927+02:00  WARN 2780 --- [global-pass] [       Thread-5] o.s.b.f.support.DisposableBeanAdapter    : Invocation of destroy method failed on bean with name 'inMemoryDatabaseShutdownExecutor': org.h2.jdbc.JdbcSQLNonTransientConnectionException: Database is already closed (to disable automatic closing at VM shutdown, add ";DB_CLOSE_ON_EXIT=FALSE" to the db URL) [90121-240]
2026-04-23T00:08:09.927+02:00  INFO 2780 --- [global-pass] [       Thread-5] com.zaxxer.hikari.HikariDataSource       : HikariPool-3 - Shutdown initiated...
2026-04-23T00:08:09.936+02:00  INFO 2780 --- [global-pass] [       Thread-5] com.zaxxer.hikari.HikariDataSource       : HikariPool-3 - Shutdown completed.

  .   ____          _            __ _ _
 /\\ / ___'_ __ _ _(_)_ __  __ _ \ \ \ \
( ( )\___ | '_ | '_| | '_ \/ _` | \ \ \ \
 \\/  ___)| |_)| | | | | || (_| |  ) ) ) )
  '  |____| .__|_| |_|_| |_\__, | / / / /
 =========|_|==============|___/=/_/_/_/

 :: Spring Boot ::                (v4.0.4)

2026-04-23T00:08:10.078+02:00  INFO 2780 --- [global-pass] [  restartedMain] global_pass.GlobalPassApplication        : Starting GlobalPassApplication using Java 25.0.2 with PID 2780 (c:\Users\ewolgeb\OneDrive - Ericsson\Desktop\ericsson\4.back-end-front-end\springboot-globalpass\Global-Pass-back-end\target\classes started by ewolgeb in c:\Users\ewolgeb\OneDrive - Ericsson\Desktop\ericsson\4.back-end-front-end\springboot-globalpass\Global-Pass-back-end)
2026-04-23T00:08:10.079+02:00  INFO 2780 --- [global-pass] [  restartedMain] global_pass.GlobalPassApplication        : No active profile set, falling back to 1 default profile: "default"
2026-04-23T00:08:10.429+02:00  INFO 2780 --- [global-pass] [  restartedMain] .s.d.r.c.RepositoryConfigurationDelegate : Bootstrapping Spring Data JPA repositories in DEFAULT mode.
2026-04-23T00:08:10.465+02:00  INFO 2780 --- [global-pass] [  restartedMain] .s.d.r.c.RepositoryConfigurationDelegate : Finished Spring Data repository scanning in 33 ms. Found 3 JPA repository interfaces.
2026-04-23T00:08:10.623+02:00  INFO 2780 --- [global-pass] [  restartedMain] o.s.boot.tomcat.TomcatWebServer          : Tomcat initialized with port 8080 (http)
2026-04-23T00:08:10.624+02:00  INFO 2780 --- [global-pass] [  restartedMain] o.apache.catalina.core.StandardService   : Starting service [Tomcat]
2026-04-23T00:08:10.625+02:00  INFO 2780 --- [global-pass] [  restartedMain] o.apache.catalina.core.StandardEngine    : Starting Servlet engine: [Apache Tomcat/11.0.18]
2026-04-23T00:08:10.662+02:00  INFO 2780 --- [global-pass] [  restartedMain] b.w.c.s.WebApplicationContextInitializer : Root WebApplicationContext: initialization completed in 581 ms
2026-04-23T00:08:10.723+02:00  INFO 2780 --- [global-pass] [  restartedMain] org.hibernate.orm.jpa                    : HHH008540: Processing PersistenceUnitInfo [name: default]
2026-04-23T00:08:10.750+02:00  INFO 2780 --- [global-pass] [  restartedMain] o.s.o.j.p.SpringPersistenceUnitInfo      : No LoadTimeWeaver setup: ignoring JPA class transformer
2026-04-23T00:08:10.750+02:00  INFO 2780 --- [global-pass] [  restartedMain] com.zaxxer.hikari.HikariDataSource       : HikariPool-4 - Starting...
2026-04-23T00:08:10.752+02:00  INFO 2780 --- [global-pass] [  restartedMain] com.zaxxer.hikari.pool.HikariPool        : HikariPool-4 - Added connection conn22: url=jdbc:h2:mem:GlobalPassDB user=ROOT
2026-04-23T00:08:10.753+02:00  INFO 2780 --- [global-pass] [  restartedMain] com.zaxxer.hikari.HikariDataSource       : HikariPool-4 - Start completed.
2026-04-23T00:08:10.753+02:00  WARN 2780 --- [global-pass] [  restartedMain] org.hibernate.orm.deprecation            : HHH90000025: H2Dialect does not need to be specified explicitly using 'hibernate.dialect' (remove the property setting and it will be selected by default)
2026-04-23T00:08:10.754+02:00  INFO 2780 --- [global-pass] [  restartedMain] org.hibernate.orm.connections.pooling    : HHH10001005: Database info:
	Database JDBC URL [jdbc:h2:mem:GlobalPassDB]
	Database driver: H2 JDBC Driver
	Database dialect: H2Dialect
	Database version: 2.4.240
	Default catalog/schema: GLOBALPASSDB/PUBLIC
	Autocommit mode: undefined/unknown
	Isolation level: READ_COMMITTED [default READ_COMMITTED]
	JDBC fetch size: 100
	Pool: DataSourceConnectionProvider
	Minimum pool size: undefined/unknown
	Maximum pool size: undefined/unknown
2026-04-23T00:08:10.857+02:00  INFO 2780 --- [global-pass] [  restartedMain] org.hibernate.orm.core                   : HHH000489: No JTA platform available (set 'hibernate.transaction.jta.platform' to enable JTA platform integration)
2026-04-23T00:08:10.863+02:00  INFO 2780 --- [global-pass] [  restartedMain] j.LocalContainerEntityManagerFactoryBean : Initialized JPA EntityManagerFactory for persistence unit 'default'
2026-04-23T00:08:10.911+02:00  INFO 2780 --- [global-pass] [  restartedMain] g.payments.LocalFileStorageService       : Upload directory ready: c:\Users\ewolgeb\OneDrive - Ericsson\Desktop\ericsson\4.back-end-front-end\springboot-globalpass\Global-Pass-back-end\uploads
2026-04-23T00:08:10.979+02:00  WARN 2780 --- [global-pass] [  restartedMain] JpaBaseConfiguration$JpaWebConfiguration : spring.jpa.open-in-view is enabled by default. Therefore, database queries may be performed during view rendering. Explicitly configure spring.jpa.open-in-view to disable this warning
2026-04-23T00:08:11.005+02:00  WARN 2780 --- [global-pass] [  restartedMain] .s.a.UserDetailsServiceAutoConfiguration : 

Using generated security password: b597915c-853d-42e9-a202-f0c6a6d2c9a2

This generated password is for development use only. Your security configuration must be updated before running your application in production.

2026-04-23T00:08:11.006+02:00  INFO 2780 --- [global-pass] [  restartedMain] r$InitializeUserDetailsManagerConfigurer : Global AuthenticationManager configured with UserDetailsService bean with name inMemoryUserDetailsManager
2026-04-23T00:08:11.167+02:00  INFO 2780 --- [global-pass] [  restartedMain] o.s.b.a.e.web.EndpointLinksResolver      : Exposing 1 endpoint beneath base path '/actuator'
2026-04-23T00:08:11.191+02:00  INFO 2780 --- [global-pass] [  restartedMain] o.s.boot.tomcat.TomcatWebServer          : Tomcat started on port 8080 (http) with context path '/'
2026-04-23T00:08:11.194+02:00  INFO 2780 --- [global-pass] [  restartedMain] global_pass.GlobalPassApplication        : Started GlobalPassApplication in 1.142 seconds (process running for 96.924)
2026-04-23T00:08:11.195+02:00  INFO 2780 --- [global-pass] [  restartedMain] .ConditionEvaluationDeltaLoggingListener : Condition evaluation unchanged
2026-04-23T00:09:07.642+02:00  INFO 2780 --- [global-pass] [nio-8080-exec-2] o.a.c.c.C.[Tomcat-1].[localhost].[/]     : Initializing Spring DispatcherServlet 'dispatcherServlet'
2026-04-23T00:09:07.642+02:00  INFO 2780 --- [global-pass] [nio-8080-exec-2] o.s.web.servlet.DispatcherServlet        : Initializing Servlet 'dispatcherServlet'
2026-04-23T00:09:07.652+02:00  INFO 2780 --- [global-pass] [nio-8080-exec-2] o.s.web.servlet.DispatcherServlet        : Completed initialization in 10 ms
2026-04-23T00:09:09.207+02:00  INFO 2780 --- [global-pass] [nio-8080-exec-2] global_pass.auth.AuthService             : User signed up: test@test.com
2026-04-23T00:11:39.648+02:00  INFO 2780 --- [global-pass] [   File Watcher] rtingClassPathChangeChangedEventListener : Restarting due to 1 class path change (0 additions, 0 deletions, 1 modification)
2026-04-23T00:11:39.651+02:00  INFO 2780 --- [global-pass] [      Thread-13] o.s.boot.tomcat.GracefulShutdown         : Commencing graceful shutdown. Waiting for active requests to complete
2026-04-23T00:11:39.655+02:00  INFO 2780 --- [global-pass] [tomcat-shutdown] o.s.boot.tomcat.GracefulShutdown         : Graceful shutdown complete
2026-04-23T00:11:39.660+02:00  INFO 2780 --- [global-pass] [      Thread-13] j.LocalContainerEntityManagerFactoryBean : Closing JPA EntityManagerFactory for persistence unit 'default'
2026-04-23T00:11:39.663+02:00  WARN 2780 --- [global-pass] [      Thread-13] o.s.b.f.support.DisposableBeanAdapter    : Invocation of destroy method failed on bean with name 'inMemoryDatabaseShutdownExecutor': org.h2.jdbc.JdbcSQLNonTransientConnectionException: Database is already closed (to disable automatic closing at VM shutdown, add ";DB_CLOSE_ON_EXIT=FALSE" to the db URL) [90121-240]
2026-04-23T00:11:39.663+02:00  INFO 2780 --- [global-pass] [      Thread-13] com.zaxxer.hikari.HikariDataSource       : HikariPool-4 - Shutdown initiated...
2026-04-23T00:11:39.664+02:00  INFO 2780 --- [global-pass] [      Thread-13] com.zaxxer.hikari.HikariDataSource       : HikariPool-4 - Shutdown completed.

  .   ____          _            __ _ _
 /\\ / ___'_ __ _ _(_)_ __  __ _ \ \ \ \
( ( )\___ | '_ | '_| | '_ \/ _` | \ \ \ \
 \\/  ___)| |_)| | | | | || (_| |  ) ) ) )
  '  |____| .__|_| |_|_| |_\__, | / / / /
 =========|_|==============|___/=/_/_/_/

 :: Spring Boot ::                (v4.0.4)

2026-04-23T00:11:39.790+02:00  INFO 2780 --- [global-pass] [  restartedMain] global_pass.GlobalPassApplication        : Starting GlobalPassApplication using Java 25.0.2 with PID 2780 (c:\Users\ewolgeb\OneDrive - Ericsson\Desktop\ericsson\4.back-end-front-end\springboot-globalpass\Global-Pass-back-end\target\classes started by ewolgeb in c:\Users\ewolgeb\OneDrive - Ericsson\Desktop\ericsson\4.back-end-front-end\springboot-globalpass\Global-Pass-back-end)
2026-04-23T00:11:39.791+02:00  INFO 2780 --- [global-pass] [  restartedMain] global_pass.GlobalPassApplication        : No active profile set, falling back to 1 default profile: "default"
2026-04-23T00:11:40.193+02:00  INFO 2780 --- [global-pass] [  restartedMain] .s.d.r.c.RepositoryConfigurationDelegate : Bootstrapping Spring Data JPA repositories in DEFAULT mode.
2026-04-23T00:11:40.224+02:00  INFO 2780 --- [global-pass] [  restartedMain] .s.d.r.c.RepositoryConfigurationDelegate : Finished Spring Data repository scanning in 28 ms. Found 3 JPA repository interfaces.
2026-04-23T00:11:40.429+02:00  INFO 2780 --- [global-pass] [  restartedMain] o.s.boot.tomcat.TomcatWebServer          : Tomcat initialized with port 8080 (http)
2026-04-23T00:11:40.432+02:00  INFO 2780 --- [global-pass] [  restartedMain] o.apache.catalina.core.StandardService   : Starting service [Tomcat]
2026-04-23T00:11:40.432+02:00  INFO 2780 --- [global-pass] [  restartedMain] o.apache.catalina.core.StandardEngine    : Starting Servlet engine: [Apache Tomcat/11.0.18]
2026-04-23T00:11:40.481+02:00  INFO 2780 --- [global-pass] [  restartedMain] b.w.c.s.WebApplicationContextInitializer : Root WebApplicationContext: initialization completed in 687 ms
2026-04-23T00:11:40.598+02:00  INFO 2780 --- [global-pass] [  restartedMain] org.hibernate.orm.jpa                    : HHH008540: Processing PersistenceUnitInfo [name: default]
2026-04-23T00:11:40.650+02:00  INFO 2780 --- [global-pass] [  restartedMain] o.s.o.j.p.SpringPersistenceUnitInfo      : No LoadTimeWeaver setup: ignoring JPA class transformer
2026-04-23T00:11:40.655+02:00  INFO 2780 --- [global-pass] [  restartedMain] com.zaxxer.hikari.HikariDataSource       : HikariPool-5 - Starting...
2026-04-23T00:11:40.659+02:00  INFO 2780 --- [global-pass] [  restartedMain] com.zaxxer.hikari.pool.HikariPool        : HikariPool-5 - Added connection conn32: url=jdbc:h2:mem:GlobalPassDB user=ROOT
2026-04-23T00:11:40.659+02:00  INFO 2780 --- [global-pass] [  restartedMain] com.zaxxer.hikari.HikariDataSource       : HikariPool-5 - Start completed.
2026-04-23T00:11:40.660+02:00  WARN 2780 --- [global-pass] [  restartedMain] org.hibernate.orm.deprecation            : HHH90000025: H2Dialect does not need to be specified explicitly using 'hibernate.dialect' (remove the property setting and it will be selected by default)
2026-04-23T00:11:40.661+02:00  INFO 2780 --- [global-pass] [  restartedMain] org.hibernate.orm.connections.pooling    : HHH10001005: Database info:
	Database JDBC URL [jdbc:h2:mem:GlobalPassDB]
	Database driver: H2 JDBC Driver
	Database dialect: H2Dialect
	Database version: 2.4.240
	Default catalog/schema: GLOBALPASSDB/PUBLIC
	Autocommit mode: undefined/unknown
	Isolation level: READ_COMMITTED [default READ_COMMITTED]
	JDBC fetch size: 100
	Pool: DataSourceConnectionProvider
	Minimum pool size: undefined/unknown
	Maximum pool size: undefined/unknown
2026-04-23T00:11:40.768+02:00  INFO 2780 --- [global-pass] [  restartedMain] org.hibernate.orm.core                   : HHH000489: No JTA platform available (set 'hibernate.transaction.jta.platform' to enable JTA platform integration)
2026-04-23T00:11:40.774+02:00  INFO 2780 --- [global-pass] [  restartedMain] j.LocalContainerEntityManagerFactoryBean : Initialized JPA EntityManagerFactory for persistence unit 'default'
2026-04-23T00:11:40.854+02:00  WARN 2780 --- [global-pass] [  restartedMain] ConfigServletWebServerApplicationContext : Exception encountered during context initialization - cancelling refresh attempt: org.springframework.beans.factory.UnsatisfiedDependencyException: Error creating bean with name 'authController' defined in file [C:\Users\ewolgeb\OneDrive - Ericsson\Desktop\ericsson\4.back-end-front-end\springboot-globalpass\Global-Pass-back-end\target\classes\global_pass\auth\AuthController.class]: Unsatisfied dependency expressed through constructor parameter 0: Error creating bean with name 'authService' defined in file [C:\Users\ewolgeb\OneDrive - Ericsson\Desktop\ericsson\4.back-end-front-end\springboot-globalpass\Global-Pass-back-end\target\classes\global_pass\auth\AuthService.class]: Unsatisfied dependency expressed through constructor parameter 1: Error creating bean with name 'securityConfig' defined in file [C:\Users\ewolgeb\OneDrive - Ericsson\Desktop\ericsson\4.back-end-front-end\springboot-globalpass\Global-Pass-back-end\target\classes\global_pass\config\SecurityConfig.class]: Failed to instantiate [global_pass.config.SecurityConfig$$SpringCGLIB$$0]: Constructor threw exception
2026-04-23T00:11:40.854+02:00  INFO 2780 --- [global-pass] [  restartedMain] j.LocalContainerEntityManagerFactoryBean : Closing JPA EntityManagerFactory for persistence unit 'default'
2026-04-23T00:11:40.856+02:00  WARN 2780 --- [global-pass] [  restartedMain] o.s.b.f.support.DisposableBeanAdapter    : Invocation of destroy method failed on bean with name 'inMemoryDatabaseShutdownExecutor': org.h2.jdbc.JdbcSQLNonTransientConnectionException: Database is already closed (to disable automatic closing at VM shutdown, add ";DB_CLOSE_ON_EXIT=FALSE" to the db URL) [90121-240]
2026-04-23T00:11:40.856+02:00  INFO 2780 --- [global-pass] [  restartedMain] com.zaxxer.hikari.HikariDataSource       : HikariPool-5 - Shutdown initiated...
2026-04-23T00:11:40.865+02:00  INFO 2780 --- [global-pass] [  restartedMain] com.zaxxer.hikari.HikariDataSource       : HikariPool-5 - Shutdown completed.
2026-04-23T00:11:40.866+02:00  INFO 2780 --- [global-pass] [  restartedMain] o.apache.catalina.core.StandardService   : Stopping service [Tomcat]
2026-04-23T00:11:40.871+02:00  INFO 2780 --- [global-pass] [  restartedMain] .s.b.a.l.ConditionEvaluationReportLogger : 

Error starting ApplicationContext. To display the condition evaluation report re-run your application with 'debug' enabled.
2026-04-23T00:11:40.874+02:00 ERROR 2780 --- [global-pass] [  restartedMain] o.s.boot.SpringApplication               : Application run failed

org.springframework.beans.factory.UnsatisfiedDependencyException: Error creating bean with name 'authController' defined in file [C:\Users\ewolgeb\OneDrive - Ericsson\Desktop\ericsson\4.back-end-front-end\springboot-globalpass\Global-Pass-back-end\target\classes\global_pass\auth\AuthController.class]: Unsatisfied dependency expressed through constructor parameter 0: Error creating bean with name 'authService' defined in file [C:\Users\ewolgeb\OneDrive - Ericsson\Desktop\ericsson\4.back-end-front-end\springboot-globalpass\Global-Pass-back-end\target\classes\global_pass\auth\AuthService.class]: Unsatisfied dependency expressed through constructor parameter 1: Error creating bean with name 'securityConfig' defined in file [C:\Users\ewolgeb\OneDrive - Ericsson\Desktop\ericsson\4.back-end-front-end\springboot-globalpass\Global-Pass-back-end\target\classes\global_pass\config\SecurityConfig.class]: Failed to instantiate [global_pass.config.SecurityConfig$$SpringCGLIB$$0]: Constructor threw exception
	at org.springframework.beans.factory.support.ConstructorResolver.createArgumentArray(ConstructorResolver.java:804) ~[spring-beans-7.0.6.jar:7.0.6]
	at org.springframework.beans.factory.support.ConstructorResolver.autowireConstructor(ConstructorResolver.java:240) ~[spring-beans-7.0.6.jar:7.0.6]
	at org.springframework.beans.factory.support.AbstractAutowireCapableBeanFactory.autowireConstructor(AbstractAutowireCapableBeanFactory.java:1382) ~[spring-beans-7.0.6.jar:7.0.6]
	at org.springframework.beans.factory.support.AbstractAutowireCapableBeanFactory.createBeanInstance(AbstractAutowireCapableBeanFactory.java:1221) ~[spring-beans-7.0.6.jar:7.0.6]
	at org.springframework.beans.factory.support.AbstractAutowireCapableBeanFactory.doCreateBean(AbstractAutowireCapableBeanFactory.java:565) ~[spring-beans-7.0.6.jar:7.0.6]
	at org.springframework.beans.factory.support.AbstractAutowireCapableBeanFactory.createBean(AbstractAutowireCapableBeanFactory.java:525) ~[spring-beans-7.0.6.jar:7.0.6]
	at org.springframework.beans.factory.support.AbstractBeanFactory.lambda$doGetBean$0(AbstractBeanFactory.java:333) ~[spring-beans-7.0.6.jar:7.0.6]
	at org.springframework.beans.factory.support.DefaultSingletonBeanRegistry.getSingleton(DefaultSingletonBeanRegistry.java:371) ~[spring-beans-7.0.6.jar:7.0.6]
	at org.springframework.beans.factory.support.AbstractBeanFactory.doGetBean(AbstractBeanFactory.java:331) ~[spring-beans-7.0.6.jar:7.0.6]
	at org.springframework.beans.factory.support.AbstractBeanFactory.getBean(AbstractBeanFactory.java:196) ~[spring-beans-7.0.6.jar:7.0.6]
	at org.springframework.beans.factory.support.DefaultListableBeanFactory.instantiateSingleton(DefaultListableBeanFactory.java:1218) ~[spring-beans-7.0.6.jar:7.0.6]
	at org.springframework.beans.factory.support.DefaultListableBeanFactory.preInstantiateSingleton(DefaultListableBeanFactory.java:1184) ~[spring-beans-7.0.6.jar:7.0.6]
	at org.springframework.beans.factory.support.DefaultListableBeanFactory.preInstantiateSingletons(DefaultListableBeanFactory.java:1121) ~[spring-beans-7.0.6.jar:7.0.6]
	at org.springframework.context.support.AbstractApplicationContext.finishBeanFactoryInitialization(AbstractApplicationContext.java:994) ~[spring-context-7.0.6.jar:7.0.6]
	at org.springframework.context.support.AbstractApplicationContext.refresh(AbstractApplicationContext.java:621) ~[spring-context-7.0.6.jar:7.0.6]
	at org.springframework.boot.web.server.servlet.context.ServletWebServerApplicationContext.refresh(ServletWebServerApplicationContext.java:143) ~[spring-boot-web-server-4.0.4.jar:4.0.4]
	at org.springframework.boot.SpringApplication.refresh(SpringApplication.java:756) ~[spring-boot-4.0.4.jar:4.0.4]
	at org.springframework.boot.SpringApplication.refreshContext(SpringApplication.java:445) ~[spring-boot-4.0.4.jar:4.0.4]
	at org.springframework.boot.SpringApplication.run(SpringApplication.java:321) ~[spring-boot-4.0.4.jar:4.0.4]
	at org.springframework.boot.SpringApplication.run(SpringApplication.java:1365) ~[spring-boot-4.0.4.jar:4.0.4]
	at org.springframework.boot.SpringApplication.run(SpringApplication.java:1354) ~[spring-boot-4.0.4.jar:4.0.4]
	at global_pass.GlobalPassApplication.main(GlobalPassApplication.java:10) ~[classes/:na]
	at java.base/jdk.internal.reflect.DirectMethodHandleAccessor.invoke(DirectMethodHandleAccessor.java:104) ~[na:na]
	at java.base/java.lang.reflect.Method.invoke(Method.java:565) ~[na:na]
	at org.springframework.boot.devtools.restart.RestartLauncher.run(RestartLauncher.java:52) ~[spring-boot-devtools-4.0.4.jar:4.0.4]
Caused by: org.springframework.beans.factory.UnsatisfiedDependencyException: Error creating bean with name 'authService' defined in file [C:\Users\ewolgeb\OneDrive - Ericsson\Desktop\ericsson\4.back-end-front-end\springboot-globalpass\Global-Pass-back-end\target\classes\global_pass\auth\AuthService.class]: Unsatisfied dependency expressed through constructor parameter 1: Error creating bean with name 'securityConfig' defined in file [C:\Users\ewolgeb\OneDrive - Ericsson\Desktop\ericsson\4.back-end-front-end\springboot-globalpass\Global-Pass-back-end\target\classes\global_pass\config\SecurityConfig.class]: Failed to instantiate [global_pass.config.SecurityConfig$$SpringCGLIB$$0]: Constructor threw exception
	at org.springframework.beans.factory.support.ConstructorResolver.createArgumentArray(ConstructorResolver.java:804) ~[spring-beans-7.0.6.jar:7.0.6]
	at org.springframework.beans.factory.support.ConstructorResolver.autowireConstructor(ConstructorResolver.java:240) ~[spring-beans-7.0.6.jar:7.0.6]
	at org.springframework.beans.factory.support.AbstractAutowireCapableBeanFactory.autowireConstructor(AbstractAutowireCapableBeanFactory.java:1382) ~[spring-beans-7.0.6.jar:7.0.6]
	at org.springframework.beans.factory.support.AbstractAutowireCapableBeanFactory.createBeanInstance(AbstractAutowireCapableBeanFactory.java:1221) ~[spring-beans-7.0.6.jar:7.0.6]
	at org.springframework.beans.factory.support.AbstractAutowireCapableBeanFactory.doCreateBean(AbstractAutowireCapableBeanFactory.java:565) ~[spring-beans-7.0.6.jar:7.0.6]
	at org.springframework.beans.factory.support.AbstractAutowireCapableBeanFactory.createBean(AbstractAutowireCapableBeanFactory.java:525) ~[spring-beans-7.0.6.jar:7.0.6]
	at org.springframework.beans.factory.support.AbstractBeanFactory.lambda$doGetBean$0(AbstractBeanFactory.java:333) ~[spring-beans-7.0.6.jar:7.0.6]
	at org.springframework.beans.factory.support.DefaultSingletonBeanRegistry.getSingleton(DefaultSingletonBeanRegistry.java:371) ~[spring-beans-7.0.6.jar:7.0.6]
	at org.springframework.beans.factory.support.AbstractBeanFactory.doGetBean(AbstractBeanFactory.java:331) ~[spring-beans-7.0.6.jar:7.0.6]
	at org.springframework.beans.factory.support.AbstractBeanFactory.getBean(AbstractBeanFactory.java:201) ~[spring-beans-7.0.6.jar:7.0.6]
	at org.springframework.beans.factory.support.DefaultListableBeanFactory.resolveBean(DefaultListableBeanFactory.java:1225) ~[spring-beans-7.0.6.jar:7.0.6]
	at org.springframework.beans.factory.support.DefaultListableBeanFactory.doResolveDependency(DefaultListableBeanFactory.java:1704) ~[spring-beans-7.0.6.jar:7.0.6]
	at org.springframework.beans.factory.support.DefaultListableBeanFactory.resolveDependency(DefaultListableBeanFactory.java:1651) ~[spring-beans-7.0.6.jar:7.0.6]
	at org.springframework.beans.factory.support.ConstructorResolver.resolveAutowiredArgument(ConstructorResolver.java:912) ~[spring-beans-7.0.6.jar:7.0.6]
	at org.springframework.beans.factory.support.ConstructorResolver.createArgumentArray(ConstructorResolver.java:791) ~[spring-beans-7.0.6.jar:7.0.6]
	... 24 common frames omitted
Caused by: org.springframework.beans.factory.BeanCreationException: Error creating bean with name 'securityConfig' defined in file [C:\Users\ewolgeb\OneDrive - Ericsson\Desktop\ericsson\4.back-end-front-end\springboot-globalpass\Global-Pass-back-end\target\classes\global_pass\config\SecurityConfig.class]: Failed to instantiate [global_pass.config.SecurityConfig$$SpringCGLIB$$0]: Constructor threw exception
	at org.springframework.beans.factory.support.AbstractAutowireCapableBeanFactory.instantiateBean(AbstractAutowireCapableBeanFactory.java:1344) ~[spring-beans-7.0.6.jar:7.0.6]
	at org.springframework.beans.factory.support.AbstractAutowireCapableBeanFactory.createBeanInstance(AbstractAutowireCapableBeanFactory.java:1231) ~[spring-beans-7.0.6.jar:7.0.6]
	at org.springframework.beans.factory.support.AbstractAutowireCapableBeanFactory.doCreateBean(AbstractAutowireCapableBeanFactory.java:565) ~[spring-beans-7.0.6.jar:7.0.6]
	at org.springframework.beans.factory.support.AbstractAutowireCapableBeanFactory.createBean(AbstractAutowireCapableBeanFactory.java:525) ~[spring-beans-7.0.6.jar:7.0.6]
	at org.springframework.beans.factory.support.AbstractBeanFactory.lambda$doGetBean$0(AbstractBeanFactory.java:333) ~[spring-beans-7.0.6.jar:7.0.6]
	at org.springframework.beans.factory.support.DefaultSingletonBeanRegistry.getSingleton(DefaultSingletonBeanRegistry.java:371) ~[spring-beans-7.0.6.jar:7.0.6]
	at org.springframework.beans.factory.support.AbstractBeanFactory.doGetBean(AbstractBeanFactory.java:331) ~[spring-beans-7.0.6.jar:7.0.6]
	at org.springframework.beans.factory.support.AbstractBeanFactory.getBean(AbstractBeanFactory.java:196) ~[spring-beans-7.0.6.jar:7.0.6]
	at org.springframework.beans.factory.support.ConstructorResolver.instantiateUsingFactoryMethod(ConstructorResolver.java:413) ~[spring-beans-7.0.6.jar:7.0.6]
	at org.springframework.beans.factory.support.AbstractAutowireCapableBeanFactory.instantiateUsingFactoryMethod(AbstractAutowireCapableBeanFactory.java:1362) ~[spring-beans-7.0.6.jar:7.0.6]
	at org.springframework.beans.factory.support.AbstractAutowireCapableBeanFactory.createBeanInstance(AbstractAutowireCapableBeanFactory.java:1194) ~[spring-beans-7.0.6.jar:7.0.6]
	at org.springframework.beans.factory.support.AbstractAutowireCapableBeanFactory.doCreateBean(AbstractAutowireCapableBeanFactory.java:565) ~[spring-beans-7.0.6.jar:7.0.6]
	at org.springframework.beans.factory.support.AbstractAutowireCapableBeanFactory.createBean(AbstractAutowireCapableBeanFactory.java:525) ~[spring-beans-7.0.6.jar:7.0.6]
	at org.springframework.beans.factory.support.AbstractBeanFactory.lambda$doGetBean$0(AbstractBeanFactory.java:333) ~[spring-beans-7.0.6.jar:7.0.6]
	at org.springframework.beans.factory.support.DefaultSingletonBeanRegistry.getSingleton(DefaultSingletonBeanRegistry.java:371) ~[spring-beans-7.0.6.jar:7.0.6]
	at org.springframework.beans.factory.support.AbstractBeanFactory.doGetBean(AbstractBeanFactory.java:331) ~[spring-beans-7.0.6.jar:7.0.6]
	at org.springframework.beans.factory.support.AbstractBeanFactory.getBean(AbstractBeanFactory.java:201) ~[spring-beans-7.0.6.jar:7.0.6]
	at org.springframework.beans.factory.support.DefaultListableBeanFactory.resolveBean(DefaultListableBeanFactory.java:1225) ~[spring-beans-7.0.6.jar:7.0.6]
	at org.springframework.beans.factory.support.DefaultListableBeanFactory.doResolveDependency(DefaultListableBeanFactory.java:1704) ~[spring-beans-7.0.6.jar:7.0.6]
	at org.springframework.beans.factory.support.DefaultListableBeanFactory.resolveDependency(DefaultListableBeanFactory.java:1651) ~[spring-beans-7.0.6.jar:7.0.6]
	at org.springframework.beans.factory.support.ConstructorResolver.resolveAutowiredArgument(ConstructorResolver.java:912) ~[spring-beans-7.0.6.jar:7.0.6]
	at org.springframework.beans.factory.support.ConstructorResolver.createArgumentArray(ConstructorResolver.java:791) ~[spring-beans-7.0.6.jar:7.0.6]
	... 38 common frames omitted
Caused by: org.springframework.beans.BeanInstantiationException: Failed to instantiate [global_pass.config.SecurityConfig$$SpringCGLIB$$0]: Constructor threw exception
	at org.springframework.beans.BeanUtils.instantiateClass(BeanUtils.java:220) ~[spring-beans-7.0.6.jar:7.0.6]
	at org.springframework.beans.factory.support.SimpleInstantiationStrategy.instantiate(SimpleInstantiationStrategy.java:106) ~[spring-beans-7.0.6.jar:7.0.6]
	at org.springframework.beans.factory.support.AbstractAutowireCapableBeanFactory.instantiateBean(AbstractAutowireCapableBeanFactory.java:1338) ~[spring-beans-7.0.6.jar:7.0.6]
	... 59 common frames omitted
Caused by: java.lang.Error: Unresolved compilation problem: 
	The method corsConfigurationSource() is undefined for the type SecurityConfig

	at global_pass.config.SecurityConfig.<init>(SecurityConfig.java:24) ~[classes/:na]
	at global_pass.config.SecurityConfig$$SpringCGLIB$$0.<init>(<generated>) ~[classes/:na]
	at java.base/jdk.internal.reflect.DirectConstructorHandleAccessor.newInstance(DirectConstructorHandleAccessor.java:62) ~[na:na]
	at java.base/java.lang.reflect.Constructor.newInstanceWithCaller(Constructor.java:499) ~[na:na]
	at java.base/java.lang.reflect.Constructor.newInstance(Constructor.java:483) ~[na:na]
	at org.springframework.beans.BeanUtils.instantiateClass(BeanUtils.java:194) ~[spring-beans-7.0.6.jar:7.0.6]
	... 61 common frames omitted


  .   ____          _            __ _ _
 /\\ / ___'_ __ _ _(_)_ __  __ _ \ \ \ \
( ( )\___ | '_ | '_| | '_ \/ _` | \ \ \ \
 \\/  ___)| |_)| | | | | || (_| |  ) ) ) )
  '  |____| .__|_| |_|_| |_\__, | / / / /
 =========|_|==============|___/=/_/_/_/

 :: Spring Boot ::                (v4.0.4)

2026-04-23T00:11:45.392+02:00  INFO 2780 --- [global-pass] [  restartedMain] global_pass.GlobalPassApplication        : Starting GlobalPassApplication using Java 25.0.2 with PID 2780 (c:\Users\ewolgeb\OneDrive - Ericsson\Desktop\ericsson\4.back-end-front-end\springboot-globalpass\Global-Pass-back-end\target\classes started by ewolgeb in c:\Users\ewolgeb\OneDrive - Ericsson\Desktop\ericsson\4.back-end-front-end\springboot-globalpass\Global-Pass-back-end)
2026-04-23T00:11:45.392+02:00  INFO 2780 --- [global-pass] [  restartedMain] global_pass.GlobalPassApplication        : No active profile set, falling back to 1 default profile: "default"
2026-04-23T00:11:45.605+02:00  INFO 2780 --- [global-pass] [  restartedMain] .s.d.r.c.RepositoryConfigurationDelegate : Bootstrapping Spring Data JPA repositories in DEFAULT mode.
2026-04-23T00:11:45.627+02:00  INFO 2780 --- [global-pass] [  restartedMain] .s.d.r.c.RepositoryConfigurationDelegate : Finished Spring Data repository scanning in 20 ms. Found 3 JPA repository interfaces.
2026-04-23T00:11:45.721+02:00  INFO 2780 --- [global-pass] [  restartedMain] o.s.boot.tomcat.TomcatWebServer          : Tomcat initialized with port 8080 (http)
2026-04-23T00:11:45.721+02:00  INFO 2780 --- [global-pass] [  restartedMain] o.apache.catalina.core.StandardService   : Starting service [Tomcat]
2026-04-23T00:11:45.721+02:00  INFO 2780 --- [global-pass] [  restartedMain] o.apache.catalina.core.StandardEngine    : Starting Servlet engine: [Apache Tomcat/11.0.18]
2026-04-23T00:11:45.742+02:00  INFO 2780 --- [global-pass] [  restartedMain] b.w.c.s.WebApplicationContextInitializer : Root WebApplicationContext: initialization completed in 349 ms
2026-04-23T00:11:45.789+02:00  INFO 2780 --- [global-pass] [  restartedMain] org.hibernate.orm.jpa                    : HHH008540: Processing PersistenceUnitInfo [name: default]
2026-04-23T00:11:45.816+02:00  INFO 2780 --- [global-pass] [  restartedMain] o.s.o.j.p.SpringPersistenceUnitInfo      : No LoadTimeWeaver setup: ignoring JPA class transformer
2026-04-23T00:11:45.817+02:00  INFO 2780 --- [global-pass] [  restartedMain] com.zaxxer.hikari.HikariDataSource       : HikariPool-6 - Starting...
2026-04-23T00:11:45.819+02:00  INFO 2780 --- [global-pass] [  restartedMain] com.zaxxer.hikari.pool.HikariPool        : HikariPool-6 - Added connection conn36: url=jdbc:h2:mem:GlobalPassDB user=ROOT
2026-04-23T00:11:45.819+02:00  INFO 2780 --- [global-pass] [  restartedMain] com.zaxxer.hikari.HikariDataSource       : HikariPool-6 - Start completed.
2026-04-23T00:11:45.820+02:00  WARN 2780 --- [global-pass] [  restartedMain] org.hibernate.orm.deprecation            : HHH90000025: H2Dialect does not need to be specified explicitly using 'hibernate.dialect' (remove the property setting and it will be selected by default)
2026-04-23T00:11:45.820+02:00  INFO 2780 --- [global-pass] [  restartedMain] org.hibernate.orm.connections.pooling    : HHH10001005: Database info:
	Database JDBC URL [jdbc:h2:mem:GlobalPassDB]
	Database driver: H2 JDBC Driver
	Database dialect: H2Dialect
	Database version: 2.4.240
	Default catalog/schema: GLOBALPASSDB/PUBLIC
	Autocommit mode: undefined/unknown
	Isolation level: READ_COMMITTED [default READ_COMMITTED]
	JDBC fetch size: 100
	Pool: DataSourceConnectionProvider
	Minimum pool size: undefined/unknown
	Maximum pool size: undefined/unknown
2026-04-23T00:11:45.883+02:00  INFO 2780 --- [global-pass] [  restartedMain] org.hibernate.orm.core                   : HHH000489: No JTA platform available (set 'hibernate.transaction.jta.platform' to enable JTA platform integration)
2026-04-23T00:11:45.887+02:00  INFO 2780 --- [global-pass] [  restartedMain] j.LocalContainerEntityManagerFactoryBean : Initialized JPA EntityManagerFactory for persistence unit 'default'
2026-04-23T00:11:45.935+02:00  INFO 2780 --- [global-pass] [  restartedMain] g.payments.LocalFileStorageService       : Upload directory ready: c:\Users\ewolgeb\OneDrive - Ericsson\Desktop\ericsson\4.back-end-front-end\springboot-globalpass\Global-Pass-back-end\uploads
2026-04-23T00:11:46.037+02:00  WARN 2780 --- [global-pass] [  restartedMain] JpaBaseConfiguration$JpaWebConfiguration : spring.jpa.open-in-view is enabled by default. Therefore, database queries may be performed during view rendering. Explicitly configure spring.jpa.open-in-view to disable this warning
2026-04-23T00:11:46.076+02:00  WARN 2780 --- [global-pass] [  restartedMain] .s.a.UserDetailsServiceAutoConfiguration : 

Using generated security password: ec0edb3c-edcb-4305-85bb-5a94c6b381ca

This generated password is for development use only. Your security configuration must be updated before running your application in production.

2026-04-23T00:11:46.077+02:00  INFO 2780 --- [global-pass] [  restartedMain] r$InitializeUserDetailsManagerConfigurer : Global AuthenticationManager configured with UserDetailsService bean with name inMemoryUserDetailsManager
2026-04-23T00:11:46.257+02:00  INFO 2780 --- [global-pass] [  restartedMain] o.s.b.a.e.web.EndpointLinksResolver      : Exposing 1 endpoint beneath base path '/actuator'
2026-04-23T00:11:46.287+02:00  INFO 2780 --- [global-pass] [  restartedMain] o.s.boot.tomcat.TomcatWebServer          : Tomcat started on port 8080 (http) with context path '/'
2026-04-23T00:11:46.292+02:00  INFO 2780 --- [global-pass] [  restartedMain] global_pass.GlobalPassApplication        : Started GlobalPassApplication in 0.914 seconds (process running for 312.023)
2026-04-23T00:11:46.295+02:00  INFO 2780 --- [global-pass] [  restartedMain] .ConditionEvaluationDeltaLoggingListener : Condition evaluation unchanged
[INFO] ------------------------------------------------------------------------
[INFO] BUILD FAILURE
[INFO] ------------------------------------------------------------------------
[INFO] Total time:  06:32 min
[INFO] Finished at: 2026-04-23T00:12:55+02:00
[INFO] ------------------------------------------------------------------------
[ERROR] Failed to execute goal org.springframework.boot:spring-boot-maven-plugin:4.0.4:run (default-cli) on project global-pass-backend: Process terminated with exit code: 1 -> [Help 1]
[ERROR] 
[ERROR] To see the full stack trace of the errors, re-run Maven with the -e switch.
[ERROR] Re-run Maven using the -X switch to enable full debug logging.
[ERROR] 
[ERROR] For more information about the errors and possible solutions, please read the following articles:
[ERROR] [Help 1] http://cwiki.apache.org/confluence/display/MAVEN/MojoExecutionException

c:\Users\ewolgeb\OneDrive - Ericsson\Desktop\ericsson\4.back-end-front-end\springboot-globalpass\Global-Pass-back-end>